0 info it worked if it ends with ok
1 verbose cli [ '/usr/local/node/bin/node',
1 verbose cli   '/usr/local/node/bin/npm',
1 verbose cli   'run',
1 verbose cli   'watch' ]
2 info using npm@1.4.14
3 info using node@v0.10.29
4 verbose run-script [ 'prewatch', 'watch', 'postwatch' ]
5 info prewatch asset-lister@0.0.0
6 info watch asset-lister@0.0.0
7 verbose unsafe-perm in lifecycle true
8 info asset-lister@0.0.0 Failed to exec watch script
9 error asset-lister@0.0.0 watch: `mocha test --recursive -R spec --watch`
9 error Exit status 8
10 error Failed at the asset-lister@0.0.0 watch script.
10 error This is most likely a problem with the asset-lister package,
10 error not with npm itself.
10 error Tell the author that this fails on your system:
10 error     mocha test --recursive -R spec --watch
10 error You can get their info via:
10 error     npm owner ls asset-lister
10 error There is likely additional logging output above.
11 error System Linux 3.13.0-24-generic
12 error command "/usr/local/node/bin/node" "/usr/local/node/bin/npm" "run" "watch"
13 error cwd /home/nss/apps/code/asset-lister
14 error node -v v0.10.29
15 error npm -v 1.4.14
16 error code ELIFECYCLE
17 verbose exit [ 1, true ]
